<?xml version="1.0" encoding="UTF-8"?>
<testng-results skipped="0" failed="1" ignored="0" total="3" passed="2">
  <reporter-output>
  </reporter-output>
  <suite name="Default suite" duration-ms="16975" started-at="2020-07-25T13:48:06Z" finished-at="2020-07-25T13:48:23Z">
    <groups>
    </groups>
    <test name="Default test" duration-ms="16975" started-at="2020-07-25T13:48:06Z" finished-at="2020-07-25T13:48:23Z">
      <class name="WebHandling.RegressionTestCase">
        <test-method status="PASS" signature="TC_01()[pri:1, instance:WebHandling.RegressionTestCase@48aaecc3]" name="TC_01" duration-ms="7142" started-at="2020-07-25T13:48:06Z" finished-at="2020-07-25T13:48:13Z">
          <reporter-output>
          </reporter-output>
        </test-method> <!-- TC_01 -->
        <test-method status="PASS" signature="TC_02()[pri:2, instance:WebHandling.RegressionTestCase@48aaecc3]" name="TC_02" duration-ms="8257" started-at="2020-07-25T13:48:13Z" finished-at="2020-07-25T13:48:21Z">
          <reporter-output>
          </reporter-output>
        </test-method> <!-- TC_02 -->
        <test-method status="FAIL" signature="TC_03()[pri:3, instance:WebHandling.RegressionTestCase@48aaecc3]" name="TC_03" duration-ms="1509" started-at="2020-07-25T13:48:21Z" finished-at="2020-07-25T13:48:23Z">
          <exception class="java.lang.NullPointerException">
            <full-stacktrace>
              <![CDATA[java.lang.NullPointerException
at WebHandling.Keyword.clickonElement(Keyword.java:94)
at WebHandling.RegressionTestCase.TC_03(RegressionTestCase.java:28)
at sun.reflect.NativeMethodAccessorImpl.invoke0(Native Method)
at sun.reflect.NativeMethodAccessorImpl.invoke(Unknown Source)
at sun.reflect.DelegatingMethodAccessorImpl.invoke(Unknown Source)
at java.lang.reflect.Method.invoke(Unknown Source)
at org.testng.internal.MethodInvocationHelper.invokeMethod(MethodInvocationHelper.java:124)
at org.testng.internal.Invoker.invokeMethod(Invoker.java:583)
at org.testng.internal.Invoker.invokeTestMethod(Invoker.java:719)
at org.testng.internal.Invoker.invokeTestMethods(Invoker.java:989)
at org.testng.internal.TestMethodWorker.invokeTestMethods(TestMethodWorker.java:125)
at org.testng.internal.TestMethodWorker.run(TestMethodWorker.java:109)
at org.testng.TestRunner.privateRun(TestRunner.java:648)
at org.testng.TestRunner.run(TestRunner.java:505)
at org.testng.SuiteRunner.runTest(SuiteRunner.java:455)
at org.testng.SuiteRunner.runSequentially(SuiteRunner.java:450)
at org.testng.SuiteRunner.privateRun(SuiteRunner.java:415)
at org.testng.SuiteRunner.run(SuiteRunner.java:364)
at org.testng.SuiteRunnerWorker.runSuite(SuiteRunnerWorker.java:52)
at org.testng.SuiteRunnerWorker.run(SuiteRunnerWorker.java:84)
at org.testng.TestNG.runSuitesSequentially(TestNG.java:1208)
at org.testng.TestNG.runSuitesLocally(TestNG.java:1137)
at org.testng.TestNG.runSuites(TestNG.java:1049)
at org.testng.TestNG.run(TestNG.java:1017)
at org.testng.remote.AbstractRemoteTestNG.run(AbstractRemoteTestNG.java:115)
at org.testng.remote.RemoteTestNG.initAndRun(RemoteTestNG.java:251)
at org.testng.remote.RemoteTestNG.main(RemoteTestNG.java:77)
]]>
            </full-stacktrace>
          </exception> <!-- java.lang.NullPointerException -->
          <reporter-output>
          </reporter-output>
        </test-method> <!-- TC_03 -->
      </class> <!-- WebHandling.RegressionTestCase -->
    </test> <!-- Default test -->
  </suite> <!-- Default suite -->
</testng-results>
